Array
(
    [0] => 33
    [1] => 32
    [2] => 31
    [3] => 30
    [4] => 29
)
ID Placeholders: ?,?,?,?,?
SQL Query: SELECT * FROM audit_tray WHERE id IN (?,?,?,?,?)
Array
(
    [id] => 29
    [user_name] => Tatiana Escort
    [user_id] => 2
    [description] => Logged in admin user: (Tatiana Escort) created this record with the name of: "Ruth Kadiri"
    [action] => Add User
    [created_at] => 2023-08-06 08:23:09
)
Array
(
    [id] => 30
    [user_name] => Tatiana Escort
    [user_id] => 2
    [description] => Logged in admin user: (Tatiana Escort) created this record with the name of: "Sarah Cornor"
    [action] => Add User
    [created_at] => 2023-08-06 08:25:39
)
Array
(
    [id] => 31
    [user_name] => Tatiana Escort
    [user_id] => 2
    [description] => Logged in admin user: (Tatiana Escort) may have successfully created users by uploading file with filename: "C:\fakepath\users_template.xlsx"
    [action] => Batch User Upload
    [created_at] => 2023-08-06 08:26:42
)
Array
(
    [id] => 32
    [user_name] => Tatiana Escort
    [user_id] => 2
    [description] => Logged in admin user: (Tatiana Escort) searched for: "Sarah Cornor"
    [action] => Search User
    [created_at] => 2023-08-06 08:27:33
)
Array
(
    [id] => 33
    [user_name] => Tatiana Escort
    [user_id] => 2
    [description] => User name field was empty when logged in user: (Tatiana Escort) clicked the submit button
    [action] => Add User
    [created_at] => 2023-08-06 08:28:00
)
